Extracting MNIST_data/train-images-idx3-ubyte.gz
Extracting MNIST_data/train-labels-idx1-ubyte.gz
Extracting MNIST_data/t10k-images-idx3-ubyte.gz
Extracting MNIST_data/t10k-labels-idx1-ubyte.gz
Active learning iteration 0
Total data used so far: 100
81.61666666666666
Active learning iteration 1
Total data used so far: 200
87.86033333333334
Active learning iteration 2
Total data used so far: 300
89.93566666666666
Active learning iteration 3
Total data used so far: 400
91.46766666666666
Active learning iteration 4
Total data used so far: 500
91.58399999999999
Active learning iteration 5
Total data used so far: 600
93.02433333333333
Active learning iteration 6
Total data used so far: 700
93.66
Active learning iteration 7
Total data used so far: 800
94.21366666666668
Active learning iteration 8
Total data used so far: 900
94.415
Active learning iteration 9
Total data used so far: 1000
94.69733333333333
Active learning iteration 10
Total data used so far: 1100
94.751
Active learning iteration 11
Total data used so far: 1200
95.05366666666667
Active learning iteration 12
Total data used so far: 1300
95.10066666666668
Active learning iteration 13
Total data used so far: 1400
95.39766666666667
Active learning iteration 14
Total data used so far: 1500
95.46433333333336
Active learning iteration 15
Total data used so far: 1600
95.72166666666668
Active learning iteration 16
Total data used so far: 1700
95.79266666666666
Active learning iteration 17
Total data used so far: 1800
95.68733333333333
Active learning iteration 18
Total data used so far: 1900
96.04299999999999
Active learning iteration 19
Total data used so far: 2000
96.0933333333333
Active learning iteration 20
Total data used so far: 2100
96.15166666666669
Active learning iteration 21
Total data used so far: 2200
96.45933333333332
Active learning iteration 22
Total data used so far: 2300
96.47933333333336
Active learning iteration 23
Total data used so far: 2400
96.50399999999999
Active learning iteration 24
Total data used so far: 2500
96.59299999999998
Active learning iteration 25
Total data used so far: 2600
96.49366666666668
Active learning iteration 26
Total data used so far: 2700
96.64
Active learning iteration 27
Total data used so far: 2800
96.71466666666664
Active learning iteration 28
Total data used so far: 2900
96.81066666666666
Active learning iteration 29
Total data used so far: 3000
96.90599999999999
Active learning iteration 30
Total data used so far: 3100
97.10733333333334
Active learning iteration 31
Total data used so far: 3200
97.15933333333334
Active learning iteration 32
Total data used so far: 3300
97.16733333333333
Active learning iteration 33
Total data used so far: 3400
97.03733333333334
Active learning iteration 34
Total data used so far: 3500
97.16633333333333
Active learning iteration 35
Total data used so far: 3600
97.33966666666669
Active learning iteration 36
Total data used so far: 3700
97.01466666666667
Active learning iteration 37
Total data used so far: 3800
97.31833333333333
Active learning iteration 38
Total data used so far: 3900
97.29799999999999
Active learning iteration 39
Total data used so far: 4000
97.26400000000002
Active learning iteration 40
Total data used so far: 4100
97.41800000000002
Active learning iteration 41
Total data used so far: 4200
97.43866666666666
Active learning iteration 42
Total data used so far: 4300
97.56899999999999
Active learning iteration 43
Total data used so far: 4400
97.49433333333334
Active learning iteration 44
Total data used so far: 4500
97.43833333333333
Active learning iteration 45
Total data used so far: 4600
97.48466666666667
Active learning iteration 46
Total data used so far: 4700
97.50899999999999
Active learning iteration 47
Total data used so far: 4800
97.55
Active learning iteration 48
Total data used so far: 4900
97.64666666666669
Active learning iteration 49
Total data used so far: 5000
97.73299999999999
